{"/Users/pinho/Documents/DEV/GoStack/2020/desafios/gostack-react-native-delivery-mobile/src/components/SearchInput/index.tsx": {"path":"/Users/pinho/Documents/DEV/GoStack/2020/desafios/gostack-react-native-delivery-mobile/src/components/SearchInput/index.tsx","statementMap":{"0":{"start":{"line":11,"column":42},"end":{"line":43,"column":1}},"1":{"start":{"line":12,"column":36},"end":{"line":12,"column":51}},"2":{"start":{"line":13,"column":34},"end":{"line":13,"column":49}},"3":{"start":{"line":15,"column":27},"end":{"line":17,"column":8}},"4":{"start":{"line":16,"column":4},"end":{"line":16,"column":23}},"5":{"start":{"line":19,"column":26},"end":{"line":23,"column":13}},"6":{"start":{"line":20,"column":4},"end":{"line":20,"column":24}},"7":{"start":{"line":22,"column":4},"end":{"line":22,"column":25}},"8":{"start":{"line":25,"column":2},"end":{"line":42,"column":4}}},"fnMap":{"0":{"name":"(anonymous_0)","decl":{"start":{"line":11,"column":42},"end":{"line":11,"column":43}},"loc":{"start":{"line":11,"column":71},"end":{"line":43,"column":1}},"line":11},"1":{"name":"(anonymous_1)","decl":{"start":{"line":15,"column":39},"end":{"line":15,"column":40}},"loc":{"start":{"line":15,"column":45},"end":{"line":17,"column":3}},"line":15},"2":{"name":"(anonymous_2)","decl":{"start":{"line":19,"column":38},"end":{"line":19,"column":39}},"loc":{"start":{"line":19,"column":44},"end":{"line":23,"column":3}},"line":19}},"branchMap":{"0":{"loc":{"start":{"line":11,"column":45},"end":{"line":11,"column":55}},"type":"default-arg","locations":[{"start":{"line":11,"column":53},"end":{"line":11,"column":55}}],"line":11},"1":{"loc":{"start":{"line":30,"column":15},"end":{"line":30,"column":60}},"type":"cond-expr","locations":[{"start":{"line":30,"column":39},"end":{"line":30,"column":48}},{"start":{"line":30,"column":51},"end":{"line":30,"column":60}}],"line":30},"2":{"loc":{"start":{"line":30,"column":15},"end":{"line":30,"column":36}},"type":"binary-expr","locations":[{"start":{"line":30,"column":15},"end":{"line":30,"column":24}},{"start":{"line":30,"column":28},"end":{"line":30,"column":36}}],"line":30}},"s":{"0":1,"1":8,"2":8,"3":8,"4":0,"5":8,"6":0,"7":0,"8":8},"f":{"0":8,"1":0,"2":0},"b":{"0":[0],"1":[0,8],"2":[8,8]},"_coverageSchema":"1a1c01bbd47fc00a2c39e90264f33305004495a9","hash":"1eabfe22817ca0d7f3299d6256124ce4e200889e"}
,"/Users/pinho/Documents/DEV/GoStack/2020/desafios/gostack-react-native-delivery-mobile/src/components/SearchInput/styles.ts": {"path":"/Users/pinho/Documents/DEV/GoStack/2020/desafios/gostack-react-native-delivery-mobile/src/components/SearchInput/styles.ts","statementMap":{"0":{"start":{"line":8,"column":25},"end":{"line":24,"column":1}},"1":{"start":{"line":20,"column":4},"end":{"line":23,"column":5}},"2":{"start":{"line":26,"column":25},"end":{"line":31,"column":1}},"3":{"start":{"line":33,"column":20},"end":{"line":35,"column":1}}},"fnMap":{"0":{"name":"(anonymous_0)","decl":{"start":{"line":19,"column":4},"end":{"line":19,"column":5}},"loc":{"start":{"line":20,"column":4},"end":{"line":23,"column":5}},"line":20}},"branchMap":{"0":{"loc":{"start":{"line":20,"column":4},"end":{"line":23,"column":5}},"type":"binary-expr","locations":[{"start":{"line":20,"column":4},"end":{"line":20,"column":19}},{"start":{"line":21,"column":4},"end":{"line":23,"column":5}}],"line":20}},"s":{"0":1,"1":8,"2":1,"3":1},"f":{"0":8},"b":{"0":[8,0]},"_coverageSchema":"1a1c01bbd47fc00a2c39e90264f33305004495a9","hash":"c0eb58ac4ba0dab1bea43b56e9e1b3523c47addb"}
,"/Users/pinho/Documents/DEV/GoStack/2020/desafios/gostack-react-native-delivery-mobile/src/pages/Dashboard/index.tsx": {"path":"/Users/pinho/Documents/DEV/GoStack/2020/desafios/gostack-react-native-delivery-mobile/src/pages/Dashboard/index.tsx","statementMap":{"0":{"start":{"line":46,"column":28},"end":{"line":178,"column":1}},"1":{"start":{"line":47,"column":28},"end":{"line":47,"column":48}},"2":{"start":{"line":48,"column":38},"end":{"line":48,"column":62}},"3":{"start":{"line":49,"column":50},"end":{"line":51,"column":5}},"4":{"start":{"line":52,"column":40},"end":{"line":52,"column":52}},"5":{"start":{"line":54,"column":21},"end":{"line":54,"column":36}},"6":{"start":{"line":58,"column":4},"end":{"line":58,"column":47}},"7":{"start":{"line":61,"column":2},"end":{"line":80,"column":20}},"8":{"start":{"line":64,"column":6},"end":{"line":70,"column":7}},"9":{"start":{"line":65,"column":8},"end":{"line":65,"column":33}},"10":{"start":{"line":67,"column":25},"end":{"line":67,"column":67}},"11":{"start":{"line":68,"column":8},"end":{"line":68,"column":32}},"12":{"start":{"line":69,"column":8},"end":{"line":69,"column":15}},"13":{"start":{"line":72,"column":23},"end":{"line":72,"column":45}},"14":{"start":{"line":74,"column":26},"end":{"line":74,"column":39}},"15":{"start":{"line":76,"column":6},"end":{"line":76,"column":28}},"16":{"start":{"line":79,"column":4},"end":{"line":79,"column":16}},"17":{"start":{"line":82,"column":2},"end":{"line":93,"column":9}},"18":{"start":{"line":85,"column":23},"end":{"line":85,"column":50}},"19":{"start":{"line":87,"column":28},"end":{"line":87,"column":41}},"20":{"start":{"line":89,"column":6},"end":{"line":89,"column":35}},"21":{"start":{"line":92,"column":4},"end":{"line":92,"column":21}},"22":{"start":{"line":97,"column":21},"end":{"line":97,"column":58}},"23":{"start":{"line":99,"column":36},"end":{"line":99,"column":49}},"24":{"start":{"line":101,"column":4},"end":{"line":101,"column":28}},"25":{"start":{"line":102,"column":4},"end":{"line":102,"column":38}},"26":{"start":{"line":105,"column":2},"end":{"line":177,"column":4}},"27":{"start":{"line":113,"column":25},"end":{"line":113,"column":52}},"28":{"start":{"line":134,"column":14},"end":{"line":146,"column":29}},"29":{"start":{"line":137,"column":31},"end":{"line":137,"column":64}},"30":{"start":{"line":154,"column":14},"end":{"line":171,"column":21}},"31":{"start":{"line":156,"column":31},"end":{"line":156,"column":54}}},"fnMap":{"0":{"name":"(anonymous_0)","decl":{"start":{"line":46,"column":28},"end":{"line":46,"column":29}},"loc":{"start":{"line":46,"column":34},"end":{"line":178,"column":1}},"line":46},"1":{"name":"handleNavigate","decl":{"start":{"line":56,"column":17},"end":{"line":56,"column":31}},"loc":{"start":{"line":56,"column":59},"end":{"line":59,"column":3}},"line":56},"2":{"name":"(anonymous_2)","decl":{"start":{"line":61,"column":12},"end":{"line":61,"column":13}},"loc":{"start":{"line":61,"column":18},"end":{"line":80,"column":3}},"line":61},"3":{"name":"loadFoods","decl":{"start":{"line":62,"column":19},"end":{"line":62,"column":28}},"loc":{"start":{"line":62,"column":46},"end":{"line":77,"column":5}},"line":62},"4":{"name":"(anonymous_4)","decl":{"start":{"line":82,"column":12},"end":{"line":82,"column":13}},"loc":{"start":{"line":82,"column":18},"end":{"line":93,"column":3}},"line":82},"5":{"name":"loadCategories","decl":{"start":{"line":83,"column":19},"end":{"line":83,"column":33}},"loc":{"start":{"line":83,"column":51},"end":{"line":90,"column":5}},"line":83},"6":{"name":"handleSelectCategory","decl":{"start":{"line":95,"column":17},"end":{"line":95,"column":37}},"loc":{"start":{"line":95,"column":65},"end":{"line":103,"column":3}},"line":95},"7":{"name":"(anonymous_7)","decl":{"start":{"line":113,"column":19},"end":{"line":113,"column":20}},"loc":{"start":{"line":113,"column":25},"end":{"line":113,"column":52}},"line":113},"8":{"name":"(anonymous_8)","decl":{"start":{"line":133,"column":28},"end":{"line":133,"column":29}},"loc":{"start":{"line":134,"column":14},"end":{"line":146,"column":29}},"line":134},"9":{"name":"(anonymous_9)","decl":{"start":{"line":137,"column":25},"end":{"line":137,"column":26}},"loc":{"start":{"line":137,"column":31},"end":{"line":137,"column":64}},"line":137},"10":{"name":"(anonymous_10)","decl":{"start":{"line":153,"column":23},"end":{"line":153,"column":24}},"loc":{"start":{"line":154,"column":14},"end":{"line":171,"column":21}},"line":154},"11":{"name":"(anonymous_11)","decl":{"start":{"line":156,"column":25},"end":{"line":156,"column":26}},"loc":{"start":{"line":156,"column":31},"end":{"line":156,"column":54}},"line":156}},"branchMap":{"0":{"loc":{"start":{"line":64,"column":6},"end":{"line":70,"column":7}},"type":"if","locations":[{"start":{"line":64,"column":6},"end":{"line":70,"column":7}},{"start":{"line":64,"column":6},"end":{"line":70,"column":7}}],"line":64}},"s":{"0":1,"1":8,"2":8,"3":8,"4":8,"5":8,"6":0,"7":8,"8":4,"9":0,"10":0,"11":0,"12":0,"13":4,"14":0,"15":0,"16":4,"17":8,"18":4,"19":4,"20":4,"21":4,"22":0,"23":0,"24":0,"25":0,"26":8,"27":0,"28":6,"29":0,"30":0,"31":0},"f":{"0":8,"1":0,"2":4,"3":4,"4":4,"5":4,"6":0,"7":0,"8":6,"9":0,"10":0,"11":0},"b":{"0":[0,4]},"_coverageSchema":"1a1c01bbd47fc00a2c39e90264f33305004495a9","hash":"4be7520016d6ba34b9b2aa23ca266d6631ddbd9b"}
,"/Users/pinho/Documents/DEV/GoStack/2020/desafios/gostack-react-native-delivery-mobile/src/pages/Dashboard/styles.ts": {"path":"/Users/pinho/Documents/DEV/GoStack/2020/desafios/gostack-react-native-delivery-mobile/src/pages/Dashboard/styles.ts","statementMap":{"0":{"start":{"line":7,"column":25},"end":{"line":10,"column":1}},"1":{"start":{"line":12,"column":22},"end":{"line":19,"column":1}},"2":{"start":{"line":21,"column":31},"end":{"line":24,"column":1}},"3":{"start":{"line":26,"column":21},"end":{"line":34,"column":1}},"4":{"start":{"line":36,"column":33},"end":{"line":38,"column":1}},"5":{"start":{"line":40,"column":30},"end":{"line":42,"column":1}},"6":{"start":{"line":44,"column":28},"end":{"line":63,"column":1}},"7":{"start":{"line":58,"column":4},"end":{"line":62,"column":5}},"8":{"start":{"line":65,"column":33},"end":{"line":72,"column":1}},"9":{"start":{"line":74,"column":30},"end":{"line":76,"column":1}},"10":{"start":{"line":78,"column":24},"end":{"line":82,"column":1}},"11":{"start":{"line":84,"column":20},"end":{"line":91,"column":1}},"12":{"start":{"line":93,"column":34},"end":{"line":99,"column":1}},"13":{"start":{"line":101,"column":27},"end":{"line":104,"column":1}},"14":{"start":{"line":106,"column":25},"end":{"line":113,"column":1}},"15":{"start":{"line":114,"column":31},"end":{"line":122,"column":1}},"16":{"start":{"line":124,"column":27},"end":{"line":133,"column":1}}},"fnMap":{"0":{"name":"(anonymous_0)","decl":{"start":{"line":57,"column":4},"end":{"line":57,"column":5}},"loc":{"start":{"line":58,"column":4},"end":{"line":62,"column":5}},"line":58}},"branchMap":{"0":{"loc":{"start":{"line":58,"column":4},"end":{"line":62,"column":5}},"type":"binary-expr","locations":[{"start":{"line":58,"column":4},"end":{"line":58,"column":20}},{"start":{"line":59,"column":4},"end":{"line":62,"column":5}}],"line":58}},"s":{"0":1,"1":1,"2":1,"3":1,"4":1,"5":1,"6":1,"7":6,"8":1,"9":1,"10":1,"11":1,"12":1,"13":1,"14":1,"15":1,"16":1},"f":{"0":6},"b":{"0":[6,0]},"_coverageSchema":"1a1c01bbd47fc00a2c39e90264f33305004495a9","hash":"2ede3ec057a75ec7d9745ffc37a5fc3e2ef3fec8"}
,"/Users/pinho/Documents/DEV/GoStack/2020/desafios/gostack-react-native-delivery-mobile/src/pages/Favorites/index.tsx": {"path":"/Users/pinho/Documents/DEV/GoStack/2020/desafios/gostack-react-native-delivery-mobile/src/pages/Favorites/index.tsx","statementMap":{"0":{"start":{"line":30,"column":28},"end":{"line":73,"column":1}},"1":{"start":{"line":31,"column":36},"end":{"line":31,"column":56}},"2":{"start":{"line":33,"column":2},"end":{"line":42,"column":9}},"3":{"start":{"line":36,"column":23},"end":{"line":36,"column":49}},"4":{"start":{"line":38,"column":6},"end":{"line":38,"column":34}},"5":{"start":{"line":41,"column":4},"end":{"line":41,"column":20}},"6":{"start":{"line":44,"column":2},"end":{"line":72,"column":4}},"7":{"start":{"line":53,"column":32},"end":{"line":53,"column":47}},"8":{"start":{"line":55,"column":12},"end":{"line":67,"column":19}}},"fnMap":{"0":{"name":"(anonymous_0)","decl":{"start":{"line":30,"column":28},"end":{"line":30,"column":29}},"loc":{"start":{"line":30,"column":34},"end":{"line":73,"column":1}},"line":30},"1":{"name":"(anonymous_1)","decl":{"start":{"line":33,"column":12},"end":{"line":33,"column":13}},"loc":{"start":{"line":33,"column":18},"end":{"line":42,"column":3}},"line":33},"2":{"name":"loadFavorites","decl":{"start":{"line":34,"column":19},"end":{"line":34,"column":32}},"loc":{"start":{"line":34,"column":50},"end":{"line":39,"column":5}},"line":34},"3":{"name":"(anonymous_3)","decl":{"start":{"line":53,"column":24},"end":{"line":53,"column":25}},"loc":{"start":{"line":53,"column":32},"end":{"line":53,"column":47}},"line":53},"4":{"name":"(anonymous_4)","decl":{"start":{"line":54,"column":22},"end":{"line":54,"column":23}},"loc":{"start":{"line":55,"column":12},"end":{"line":67,"column":19}},"line":55}},"branchMap":{},"s":{"0":1,"1":2,"2":2,"3":1,"4":1,"5":1,"6":2,"7":5,"8":2},"f":{"0":2,"1":1,"2":1,"3":5,"4":2},"b":{},"_coverageSchema":"1a1c01bbd47fc00a2c39e90264f33305004495a9","hash":"3fa98b4a3b020620415a31a55637de8e4fee13f8"}
,"/Users/pinho/Documents/DEV/GoStack/2020/desafios/gostack-react-native-delivery-mobile/src/pages/Favorites/styles.ts": {"path":"/Users/pinho/Documents/DEV/GoStack/2020/desafios/gostack-react-native-delivery-mobile/src/pages/Favorites/styles.ts","statementMap":{"0":{"start":{"line":13,"column":25},"end":{"line":16,"column":1}},"1":{"start":{"line":18,"column":22},"end":{"line":24,"column":1}},"2":{"start":{"line":26,"column":27},"end":{"line":33,"column":1}},"3":{"start":{"line":35,"column":30},"end":{"line":38,"column":1}},"4":{"start":{"line":40,"column":24},"end":{"line":45,"column":1}},"5":{"start":{"line":47,"column":20},"end":{"line":56,"column":1}},"6":{"start":{"line":58,"column":34},"end":{"line":65,"column":1}},"7":{"start":{"line":67,"column":27},"end":{"line":71,"column":1}},"8":{"start":{"line":72,"column":25},"end":{"line":80,"column":1}},"9":{"start":{"line":81,"column":31},"end":{"line":91,"column":1}},"10":{"start":{"line":93,"column":27},"end":{"line":105,"column":1}}},"fnMap":{},"branchMap":{},"s":{"0":1,"1":1,"2":1,"3":1,"4":1,"5":1,"6":1,"7":1,"8":1,"9":1,"10":1},"f":{},"b":{},"_coverageSchema":"1a1c01bbd47fc00a2c39e90264f33305004495a9","hash":"a962f7bec2a44021e8c395a737b992fb94ae8255"}
,"/Users/pinho/Documents/DEV/GoStack/2020/desafios/gostack-react-native-delivery-mobile/src/pages/FoodDetails/index.tsx": {"path":"/Users/pinho/Documents/DEV/GoStack/2020/desafios/gostack-react-native-delivery-mobile/src/pages/FoodDetails/index.tsx","statementMap":{"0":{"start":{"line":63,"column":30},"end":{"line":248,"column":1}},"1":{"start":{"line":64,"column":26},"end":{"line":64,"column":46}},"2":{"start":{"line":65,"column":30},"end":{"line":65,"column":51}},"3":{"start":{"line":66,"column":38},"end":{"line":66,"column":53}},"4":{"start":{"line":67,"column":42},"end":{"line":67,"column":53}},"5":{"start":{"line":69,"column":21},"end":{"line":69,"column":36}},"6":{"start":{"line":70,"column":16},"end":{"line":70,"column":26}},"7":{"start":{"line":72,"column":22},"end":{"line":72,"column":44}},"8":{"start":{"line":74,"column":2},"end":{"line":84,"column":20}},"9":{"start":{"line":77,"column":23},"end":{"line":77,"column":63}},"10":{"start":{"line":79,"column":6},"end":{"line":79,"column":29}},"11":{"start":{"line":80,"column":6},"end":{"line":80,"column":38}},"12":{"start":{"line":83,"column":4},"end":{"line":83,"column":15}},"13":{"start":{"line":89,"column":23},"end":{"line":89,"column":34}},"14":{"start":{"line":91,"column":36},"end":{"line":91,"column":78}},"15":{"start":{"line":91,"column":62},"end":{"line":91,"column":77}},"16":{"start":{"line":93,"column":4},"end":{"line":97,"column":5}},"17":{"start":{"line":94,"column":6},"end":{"line":94,"column":55}},"18":{"start":{"line":95,"column":6},"end":{"line":95,"column":28}},"19":{"start":{"line":96,"column":6},"end":{"line":96,"column":13}},"20":{"start":{"line":99,"column":4},"end":{"line":99,"column":54}},"21":{"start":{"line":100,"column":4},"end":{"line":100,"column":26}},"22":{"start":{"line":105,"column":23},"end":{"line":105,"column":34}},"23":{"start":{"line":107,"column":36},"end":{"line":107,"column":78}},"24":{"start":{"line":107,"column":62},"end":{"line":107,"column":77}},"25":{"start":{"line":109,"column":4},"end":{"line":111,"column":5}},"26":{"start":{"line":110,"column":6},"end":{"line":110,"column":13}},"27":{"start":{"line":113,"column":4},"end":{"line":113,"column":54}},"28":{"start":{"line":114,"column":4},"end":{"line":114,"column":26}},"29":{"start":{"line":119,"column":36},"end":{"line":119,"column":52}},"30":{"start":{"line":120,"column":4},"end":{"line":120,"column":45}},"31":{"start":{"line":125,"column":4},"end":{"line":127,"column":5}},"32":{"start":{"line":126,"column":6},"end":{"line":126,"column":13}},"33":{"start":{"line":128,"column":36},"end":{"line":128,"column":52}},"34":{"start":{"line":129,"column":4},"end":{"line":129,"column":45}},"35":{"start":{"line":132,"column":25},"end":{"line":134,"column":24}},"36":{"start":{"line":136,"column":20},"end":{"line":138,"column":34}},"37":{"start":{"line":145,"column":27},"end":{"line":148,"column":3}},"38":{"start":{"line":146,"column":11},"end":{"line":146,"column":54}},"39":{"start":{"line":150,"column":2},"end":{"line":162,"column":53}},"40":{"start":{"line":152,"column":4},"end":{"line":161,"column":7}},"41":{"start":{"line":154,"column":8},"end":{"line":159,"column":10}},"42":{"start":{"line":158,"column":25},"end":{"line":158,"column":41}},"43":{"start":{"line":164,"column":2},"end":{"line":247,"column":4}},"44":{"start":{"line":189,"column":12},"end":{"line":210,"column":29}},"45":{"start":{"line":196,"column":33},"end":{"line":196,"column":63}},"46":{"start":{"line":206,"column":33},"end":{"line":206,"column":63}},"47":{"start":{"line":238,"column":44},"end":{"line":238,"column":63}}},"fnMap":{"0":{"name":"(anonymous_0)","decl":{"start":{"line":63,"column":30},"end":{"line":63,"column":31}},"loc":{"start":{"line":63,"column":36},"end":{"line":248,"column":1}},"line":63},"1":{"name":"(anonymous_1)","decl":{"start":{"line":74,"column":12},"end":{"line":74,"column":13}},"loc":{"start":{"line":74,"column":18},"end":{"line":84,"column":3}},"line":74},"2":{"name":"loadFood","decl":{"start":{"line":75,"column":19},"end":{"line":75,"column":27}},"loc":{"start":{"line":75,"column":45},"end":{"line":81,"column":5}},"line":75},"3":{"name":"handleIncrementExtra","decl":{"start":{"line":86,"column":11},"end":{"line":86,"column":31}},"loc":{"start":{"line":86,"column":50},"end":{"line":101,"column":3}},"line":86},"4":{"name":"(anonymous_4)","decl":{"start":{"line":91,"column":53},"end":{"line":91,"column":54}},"loc":{"start":{"line":91,"column":62},"end":{"line":91,"column":77}},"line":91},"5":{"name":"handleDecrementExtra","decl":{"start":{"line":103,"column":11},"end":{"line":103,"column":31}},"loc":{"start":{"line":103,"column":50},"end":{"line":115,"column":3}},"line":103},"6":{"name":"(anonymous_6)","decl":{"start":{"line":107,"column":53},"end":{"line":107,"column":54}},"loc":{"start":{"line":107,"column":62},"end":{"line":107,"column":77}},"line":107},"7":{"name":"handleIncrementFood","decl":{"start":{"line":117,"column":11},"end":{"line":117,"column":30}},"loc":{"start":{"line":117,"column":39},"end":{"line":121,"column":3}},"line":117},"8":{"name":"handleDecrementFood","decl":{"start":{"line":123,"column":11},"end":{"line":123,"column":30}},"loc":{"start":{"line":123,"column":39},"end":{"line":130,"column":3}},"line":123},"9":{"name":"(anonymous_9)","decl":{"start":{"line":132,"column":37},"end":{"line":132,"column":38}},"loc":{"start":{"line":132,"column":43},"end":{"line":134,"column":3}},"line":132},"10":{"name":"(anonymous_10)","decl":{"start":{"line":136,"column":28},"end":{"line":136,"column":29}},"loc":{"start":{"line":136,"column":34},"end":{"line":138,"column":3}},"line":136},"11":{"name":"handleFinishOrder","decl":{"start":{"line":140,"column":17},"end":{"line":140,"column":34}},"loc":{"start":{"line":140,"column":52},"end":{"line":142,"column":3}},"line":140},"12":{"name":"(anonymous_12)","decl":{"start":{"line":146,"column":4},"end":{"line":146,"column":5}},"loc":{"start":{"line":146,"column":11},"end":{"line":146,"column":54}},"line":146},"13":{"name":"(anonymous_13)","decl":{"start":{"line":150,"column":18},"end":{"line":150,"column":19}},"loc":{"start":{"line":150,"column":24},"end":{"line":162,"column":3}},"line":150},"14":{"name":"(anonymous_14)","decl":{"start":{"line":153,"column":19},"end":{"line":153,"column":20}},"loc":{"start":{"line":154,"column":8},"end":{"line":159,"column":10}},"line":154},"15":{"name":"(anonymous_15)","decl":{"start":{"line":158,"column":19},"end":{"line":158,"column":20}},"loc":{"start":{"line":158,"column":25},"end":{"line":158,"column":41}},"line":158},"16":{"name":"(anonymous_16)","decl":{"start":{"line":188,"column":22},"end":{"line":188,"column":23}},"loc":{"start":{"line":189,"column":12},"end":{"line":210,"column":29}},"line":189},"17":{"name":"(anonymous_17)","decl":{"start":{"line":196,"column":27},"end":{"line":196,"column":28}},"loc":{"start":{"line":196,"column":33},"end":{"line":196,"column":63}},"line":196},"18":{"name":"(anonymous_18)","decl":{"start":{"line":206,"column":27},"end":{"line":206,"column":28}},"loc":{"start":{"line":206,"column":33},"end":{"line":206,"column":63}},"line":206},"19":{"name":"(anonymous_19)","decl":{"start":{"line":238,"column":38},"end":{"line":238,"column":39}},"loc":{"start":{"line":238,"column":44},"end":{"line":238,"column":63}},"line":238}},"branchMap":{"0":{"loc":{"start":{"line":93,"column":4},"end":{"line":97,"column":5}},"type":"if","locations":[{"start":{"line":93,"column":4},"end":{"line":97,"column":5}},{"start":{"line":93,"column":4},"end":{"line":97,"column":5}}],"line":93},"1":{"loc":{"start":{"line":109,"column":4},"end":{"line":111,"column":5}},"type":"if","locations":[{"start":{"line":109,"column":4},"end":{"line":111,"column":5}},{"start":{"line":109,"column":4},"end":{"line":111,"column":5}}],"line":109},"2":{"loc":{"start":{"line":125,"column":4},"end":{"line":127,"column":5}},"type":"if","locations":[{"start":{"line":125,"column":4},"end":{"line":127,"column":5}},{"start":{"line":125,"column":4},"end":{"line":127,"column":5}}],"line":125},"3":{"loc":{"start":{"line":146,"column":11},"end":{"line":146,"column":54}},"type":"cond-expr","locations":[{"start":{"line":146,"column":24},"end":{"line":146,"column":34}},{"start":{"line":146,"column":37},"end":{"line":146,"column":54}}],"line":146}},"s":{"0":1,"1":26,"2":26,"3":26,"4":26,"5":26,"6":26,"7":26,"8":26,"9":6,"10":6,"11":6,"12":6,"13":0,"14":0,"15":0,"16":0,"17":0,"18":0,"19":0,"20":0,"21":0,"22":0,"23":0,"24":0,"25":0,"26":0,"27":0,"28":0,"29":4,"30":4,"31":4,"32":0,"33":4,"34":4,"35":26,"36":26,"37":26,"38":6,"39":26,"40":26,"41":0,"42":0,"43":26,"44":27,"45":0,"46":0,"47":0},"f":{"0":26,"1":6,"2":6,"3":0,"4":0,"5":0,"6":0,"7":4,"8":4,"9":0,"10":26,"11":0,"12":6,"13":26,"14":0,"15":0,"16":27,"17":0,"18":0,"19":0},"b":{"0":[0,0],"1":[0,0],"2":[0,4],"3":[0,6]},"_coverageSchema":"1a1c01bbd47fc00a2c39e90264f33305004495a9","hash":"79c6d4a82ea3293997d906d23da2c5cf0e25407e"}
,"/Users/pinho/Documents/DEV/GoStack/2020/desafios/gostack-react-native-delivery-mobile/src/pages/FoodDetails/styles.ts": {"path":"/Users/pinho/Documents/DEV/GoStack/2020/desafios/gostack-react-native-delivery-mobile/src/pages/FoodDetails/styles.ts","statementMap":{"0":{"start":{"line":3,"column":25},"end":{"line":6,"column":1}},"1":{"start":{"line":8,"column":22},"end":{"line":15,"column":1}},"2":{"start":{"line":17,"column":31},"end":{"line":23,"column":1}},"3":{"start":{"line":25,"column":30},"end":{"line":27,"column":1}},"4":{"start":{"line":29,"column":20},"end":{"line":35,"column":1}},"5":{"start":{"line":37,"column":34},"end":{"line":42,"column":1}},"6":{"start":{"line":44,"column":27},"end":{"line":46,"column":1}},"7":{"start":{"line":48,"column":25},"end":{"line":54,"column":1}},"8":{"start":{"line":56,"column":31},"end":{"line":64,"column":1}},"9":{"start":{"line":66,"column":27},"end":{"line":75,"column":1}},"10":{"start":{"line":77,"column":21},"end":{"line":84,"column":1}},"11":{"start":{"line":86,"column":36},"end":{"line":89,"column":1}},"12":{"start":{"line":91,"column":30},"end":{"line":99,"column":1}},"13":{"start":{"line":101,"column":34},"end":{"line":108,"column":1}},"14":{"start":{"line":110,"column":34},"end":{"line":115,"column":1}},"15":{"start":{"line":117,"column":30},"end":{"line":120,"column":1}},"16":{"start":{"line":122,"column":36},"end":{"line":127,"column":1}},"17":{"start":{"line":129,"column":26},"end":{"line":137,"column":1}},"18":{"start":{"line":139,"column":33},"end":{"line":149,"column":1}},"19":{"start":{"line":151,"column":33},"end":{"line":157,"column":1}},"20":{"start":{"line":159,"column":26},"end":{"line":166,"column":1}},"21":{"start":{"line":168,"column":29},"end":{"line":173,"column":1}}},"fnMap":{},"branchMap":{},"s":{"0":1,"1":1,"2":1,"3":1,"4":1,"5":1,"6":1,"7":1,"8":1,"9":1,"10":1,"11":1,"12":1,"13":1,"14":1,"15":1,"16":1,"17":1,"18":1,"19":1,"20":1,"21":1},"f":{},"b":{},"_coverageSchema":"1a1c01bbd47fc00a2c39e90264f33305004495a9","hash":"547d86c8236c0be705304dba0a67944831b30ef4"}
,"/Users/pinho/Documents/DEV/GoStack/2020/desafios/gostack-react-native-delivery-mobile/src/pages/Orders/index.tsx": {"path":"/Users/pinho/Documents/DEV/GoStack/2020/desafios/gostack-react-native-delivery-mobile/src/pages/Orders/index.tsx","statementMap":{"0":{"start":{"line":30,"column":25},"end":{"line":73,"column":1}},"1":{"start":{"line":31,"column":30},"end":{"line":31,"column":50}},"2":{"start":{"line":33,"column":2},"end":{"line":42,"column":9}},"3":{"start":{"line":36,"column":23},"end":{"line":36,"column":46}},"4":{"start":{"line":38,"column":6},"end":{"line":38,"column":31}},"5":{"start":{"line":41,"column":4},"end":{"line":41,"column":17}},"6":{"start":{"line":44,"column":2},"end":{"line":72,"column":4}},"7":{"start":{"line":53,"column":32},"end":{"line":53,"column":47}},"8":{"start":{"line":55,"column":12},"end":{"line":67,"column":19}}},"fnMap":{"0":{"name":"(anonymous_0)","decl":{"start":{"line":30,"column":25},"end":{"line":30,"column":26}},"loc":{"start":{"line":30,"column":31},"end":{"line":73,"column":1}},"line":30},"1":{"name":"(anonymous_1)","decl":{"start":{"line":33,"column":12},"end":{"line":33,"column":13}},"loc":{"start":{"line":33,"column":18},"end":{"line":42,"column":3}},"line":33},"2":{"name":"loadOrders","decl":{"start":{"line":34,"column":19},"end":{"line":34,"column":29}},"loc":{"start":{"line":34,"column":47},"end":{"line":39,"column":5}},"line":34},"3":{"name":"(anonymous_3)","decl":{"start":{"line":53,"column":24},"end":{"line":53,"column":25}},"loc":{"start":{"line":53,"column":32},"end":{"line":53,"column":47}},"line":53},"4":{"name":"(anonymous_4)","decl":{"start":{"line":54,"column":22},"end":{"line":54,"column":23}},"loc":{"start":{"line":55,"column":12},"end":{"line":67,"column":19}},"line":55}},"branchMap":{},"s":{"0":1,"1":2,"2":2,"3":1,"4":1,"5":1,"6":2,"7":5,"8":2},"f":{"0":2,"1":1,"2":1,"3":5,"4":2},"b":{},"_coverageSchema":"1a1c01bbd47fc00a2c39e90264f33305004495a9","hash":"a31ffec9b72a125191b5f9ea908765cfd175d82b"}
,"/Users/pinho/Documents/DEV/GoStack/2020/desafios/gostack-react-native-delivery-mobile/src/pages/Orders/styles.ts": {"path":"/Users/pinho/Documents/DEV/GoStack/2020/desafios/gostack-react-native-delivery-mobile/src/pages/Orders/styles.ts","statementMap":{"0":{"start":{"line":13,"column":25},"end":{"line":16,"column":1}},"1":{"start":{"line":18,"column":22},"end":{"line":24,"column":1}},"2":{"start":{"line":26,"column":27},"end":{"line":33,"column":1}},"3":{"start":{"line":35,"column":30},"end":{"line":38,"column":1}},"4":{"start":{"line":40,"column":24},"end":{"line":45,"column":1}},"5":{"start":{"line":47,"column":20},"end":{"line":56,"column":1}},"6":{"start":{"line":58,"column":34},"end":{"line":65,"column":1}},"7":{"start":{"line":67,"column":27},"end":{"line":71,"column":1}},"8":{"start":{"line":72,"column":25},"end":{"line":80,"column":1}},"9":{"start":{"line":81,"column":31},"end":{"line":91,"column":1}},"10":{"start":{"line":93,"column":27},"end":{"line":105,"column":1}}},"fnMap":{},"branchMap":{},"s":{"0":1,"1":1,"2":1,"3":1,"4":1,"5":1,"6":1,"7":1,"8":1,"9":1,"10":1},"f":{},"b":{},"_coverageSchema":"1a1c01bbd47fc00a2c39e90264f33305004495a9","hash":"fe4aaed1e1b5e584da3b03d5f1bae23cc163d9d1"}
,"/Users/pinho/Documents/DEV/GoStack/2020/desafios/gostack-react-native-delivery-mobile/src/services/api.ts": {"path":"/Users/pinho/Documents/DEV/GoStack/2020/desafios/gostack-react-native-delivery-mobile/src/services/api.ts","statementMap":{"0":{"start":{"line":3,"column":12},"end":{"line":5,"column":2}}},"fnMap":{},"branchMap":{},"s":{"0":4},"f":{},"b":{},"_coverageSchema":"1a1c01bbd47fc00a2c39e90264f33305004495a9","hash":"16f22ad2f52b2f208befc506c20026cbb3387196"}
}
