TN:
SF:src/components/SearchInput/index.tsx
FN:11,(anonymous_0)
FN:15,(anonymous_1)
FN:19,(anonymous_2)
FNF:3
FNH:1
FNDA:8,(anonymous_0)
FNDA:0,(anonymous_1)
FNDA:0,(anonymous_2)
DA:11,1
DA:12,8
DA:13,8
DA:15,8
DA:16,0
DA:19,8
DA:20,0
DA:22,0
DA:25,8
LF:9
LH:6
BRDA:11,0,0,0
BRDA:30,1,0,0
BRDA:30,1,1,8
BRDA:30,2,0,8
BRDA:30,2,1,8
BRF:5
BRH:3
end_of_record
TN:
SF:src/components/SearchInput/styles.ts
FN:19,(anonymous_0)
FNF:1
FNH:1
FNDA:8,(anonymous_0)
DA:8,1
DA:20,8
DA:26,1
DA:33,1
LF:4
LH:4
BRDA:20,0,0,8
BRDA:20,0,1,0
BRF:2
BRH:1
end_of_record
TN:
SF:src/pages/Dashboard/index.tsx
FN:46,(anonymous_0)
FN:56,handleNavigate
FN:61,(anonymous_2)
FN:62,loadFoods
FN:82,(anonymous_4)
FN:83,loadCategories
FN:95,handleSelectCategory
FN:113,(anonymous_7)
FN:133,(anonymous_8)
FN:137,(anonymous_9)
FN:153,(anonymous_10)
FN:156,(anonymous_11)
FNF:12
FNH:6
FNDA:8,(anonymous_0)
FNDA:0,handleNavigate
FNDA:4,(anonymous_2)
FNDA:4,loadFoods
FNDA:4,(anonymous_4)
FNDA:4,loadCategories
FNDA:0,handleSelectCategory
FNDA:0,(anonymous_7)
FNDA:6,(anonymous_8)
FNDA:0,(anonymous_9)
FNDA:0,(anonymous_10)
FNDA:0,(anonymous_11)
DA:46,1
DA:47,8
DA:48,8
DA:49,8
DA:52,8
DA:54,8
DA:58,0
DA:61,8
DA:64,4
DA:65,0
DA:67,0
DA:68,0
DA:69,0
DA:72,4
DA:74,0
DA:76,0
DA:79,4
DA:82,8
DA:85,4
DA:87,4
DA:89,4
DA:92,4
DA:97,0
DA:99,0
DA:101,0
DA:102,0
DA:105,8
DA:113,0
DA:134,6
DA:137,0
DA:154,0
DA:156,0
LF:32
LH:17
BRDA:64,0,0,0
BRDA:64,0,1,4
BRF:2
BRH:1
end_of_record
TN:
SF:src/pages/Dashboard/styles.ts
FN:57,(anonymous_0)
FNF:1
FNH:1
FNDA:6,(anonymous_0)
DA:7,1
DA:12,1
DA:21,1
DA:26,1
DA:36,1
DA:40,1
DA:44,1
DA:58,6
DA:65,1
DA:74,1
DA:78,1
DA:84,1
DA:93,1
DA:101,1
DA:106,1
DA:114,1
DA:124,1
LF:17
LH:17
BRDA:58,0,0,6
BRDA:58,0,1,0
BRF:2
BRH:1
end_of_record
TN:
SF:src/pages/Favorites/index.tsx
FN:30,(anonymous_0)
FN:33,(anonymous_1)
FN:34,loadFavorites
FN:53,(anonymous_3)
FN:54,(anonymous_4)
FNF:5
FNH:5
FNDA:2,(anonymous_0)
FNDA:1,(anonymous_1)
FNDA:1,loadFavorites
FNDA:5,(anonymous_3)
FNDA:2,(anonymous_4)
DA:30,1
DA:31,2
DA:33,2
DA:36,1
DA:38,1
DA:41,1
DA:44,2
DA:53,5
DA:55,2
LF:9
LH:9
BRF:0
BRH:0
end_of_record
TN:
SF:src/pages/Favorites/styles.ts
FNF:0
FNH:0
DA:13,1
DA:18,1
DA:26,1
DA:35,1
DA:40,1
DA:47,1
DA:58,1
DA:67,1
DA:72,1
DA:81,1
DA:93,1
LF:11
LH:11
BRF:0
BRH:0
end_of_record
TN:
SF:src/pages/FoodDetails/index.tsx
FN:63,(anonymous_0)
FN:74,(anonymous_1)
FN:75,loadFood
FN:86,handleIncrementExtra
FN:91,(anonymous_4)
FN:103,handleDecrementExtra
FN:107,(anonymous_6)
FN:117,handleIncrementFood
FN:123,handleDecrementFood
FN:132,(anonymous_9)
FN:136,(anonymous_10)
FN:140,handleFinishOrder
FN:146,(anonymous_12)
FN:150,(anonymous_13)
FN:153,(anonymous_14)
FN:158,(anonymous_15)
FN:188,(anonymous_16)
FN:196,(anonymous_17)
FN:206,(anonymous_18)
FN:238,(anonymous_19)
FNF:20
FNH:9
FNDA:26,(anonymous_0)
FNDA:6,(anonymous_1)
FNDA:6,loadFood
FNDA:0,handleIncrementExtra
FNDA:0,(anonymous_4)
FNDA:0,handleDecrementExtra
FNDA:0,(anonymous_6)
FNDA:4,handleIncrementFood
FNDA:4,handleDecrementFood
FNDA:0,(anonymous_9)
FNDA:26,(anonymous_10)
FNDA:0,handleFinishOrder
FNDA:6,(anonymous_12)
FNDA:26,(anonymous_13)
FNDA:0,(anonymous_14)
FNDA:0,(anonymous_15)
FNDA:27,(anonymous_16)
FNDA:0,(anonymous_17)
FNDA:0,(anonymous_18)
FNDA:0,(anonymous_19)
DA:63,1
DA:64,26
DA:65,26
DA:66,26
DA:67,26
DA:69,26
DA:70,26
DA:72,26
DA:74,26
DA:77,6
DA:79,6
DA:80,6
DA:83,6
DA:89,0
DA:91,0
DA:93,0
DA:94,0
DA:95,0
DA:96,0
DA:99,0
DA:100,0
DA:105,0
DA:107,0
DA:109,0
DA:110,0
DA:113,0
DA:114,0
DA:119,4
DA:120,4
DA:125,4
DA:126,0
DA:128,4
DA:129,4
DA:132,26
DA:136,26
DA:145,26
DA:146,6
DA:150,26
DA:152,26
DA:154,0
DA:158,0
DA:164,26
DA:189,27
DA:196,0
DA:206,0
DA:238,0
LF:46
LH:26
BRDA:93,0,0,0
BRDA:93,0,1,0
BRDA:109,1,0,0
BRDA:109,1,1,0
BRDA:125,2,0,0
BRDA:125,2,1,4
BRDA:146,3,0,0
BRDA:146,3,1,6
BRF:8
BRH:2
end_of_record
TN:
SF:src/pages/FoodDetails/styles.ts
FNF:0
FNH:0
DA:3,1
DA:8,1
DA:17,1
DA:25,1
DA:29,1
DA:37,1
DA:44,1
DA:48,1
DA:56,1
DA:66,1
DA:77,1
DA:86,1
DA:91,1
DA:101,1
DA:110,1
DA:117,1
DA:122,1
DA:129,1
DA:139,1
DA:151,1
DA:159,1
DA:168,1
LF:22
LH:22
BRF:0
BRH:0
end_of_record
TN:
SF:src/pages/Orders/index.tsx
FN:30,(anonymous_0)
FN:33,(anonymous_1)
FN:34,loadOrders
FN:53,(anonymous_3)
FN:54,(anonymous_4)
FNF:5
FNH:5
FNDA:2,(anonymous_0)
FNDA:1,(anonymous_1)
FNDA:1,loadOrders
FNDA:5,(anonymous_3)
FNDA:2,(anonymous_4)
DA:30,1
DA:31,2
DA:33,2
DA:36,1
DA:38,1
DA:41,1
DA:44,2
DA:53,5
DA:55,2
LF:9
LH:9
BRF:0
BRH:0
end_of_record
TN:
SF:src/pages/Orders/styles.ts
FNF:0
FNH:0
DA:13,1
DA:18,1
DA:26,1
DA:35,1
DA:40,1
DA:47,1
DA:58,1
DA:67,1
DA:72,1
DA:81,1
DA:93,1
LF:11
LH:11
BRF:0
BRH:0
end_of_record
TN:
SF:src/services/api.ts
FNF:0
FNH:0
DA:3,4
LF:1
LH:1
BRF:0
BRH:0
end_of_record
